[0.439s] DEBUG:colcon:Command line arguments: ['/usr/bin/colcon', 'build', '--symlink-install']
[0.439s] DEBUG:colcon:Parsed command line arguments: Namespace(log_base=None, log_level=None, verb_name='build', build_base='build', install_base='install', merge_install=False, symlink_install=True, test_result_base=None, continue_on_error=False, executor='parallel', parallel_workers=64, event_handlers=None, ignore_user_meta=False, metas=['./colcon.meta'], base_paths=['.'], packages_ignore=None, packages_ignore_regex=None, paths=None, packages_up_to=None, packages_up_to_regex=None, packages_above=None, packages_above_and_dependencies=None, packages_above_depth=None, packages_select_by_dep=None, packages_skip_by_dep=None, packages_skip_up_to=None, packages_select_build_failed=False, packages_skip_build_finished=False, packages_select_test_failures=False, packages_skip_test_passed=False, packages_select=None, packages_skip=None, packages_select_regex=None, packages_skip_regex=None, packages_start=None, packages_end=None, allow_overriding=[], cmake_args=None, cmake_target=None, cmake_target_skip_unavailable=False, cmake_clean_cache=False, cmake_clean_first=False, cmake_force_configure=False, ament_cmake_args=None, catkin_cmake_args=None, catkin_skip_building_tests=False, verb_parser=<colcon_defaults.argument_parser.defaults.DefaultArgumentsDecorator object at 0x7fbf35752800>, verb_extension=<colcon_core.verb.build.BuildVerb object at 0x7fbf35bc77c0>, main=<bound method BuildVerb.main of <colcon_core.verb.build.BuildVerb object at 0x7fbf35bc77c0>>)
[0.463s] Level 1:colcon.colcon_core.package_discovery:discover_packages(colcon_meta) check parameters
[0.463s] Level 1:colcon.colcon_core.package_discovery:discover_packages(recursive) check parameters
[0.463s] Level 1:colcon.colcon_core.package_discovery:discover_packages(ignore) check parameters
[0.463s] Level 1:colcon.colcon_core.package_discovery:discover_packages(path) check parameters
[0.463s] Level 1:colcon.colcon_core.package_discovery:discover_packages(colcon_meta) discover
[0.463s] Level 1:colcon.colcon_core.package_discovery:discover_packages(recursive) discover
[0.463s] INFO:colcon.colcon_core.package_discovery:Crawling recursively for packages in '/CRAZYSWARM/ros2_ws/src/my_bot'
[0.463s] Level 1:colcon.colcon_core.package_identification:_identify(.) by extensions ['ignore', 'ignore_ament_install']
[0.464s] Level 1:colcon.colcon_core.package_identification:_identify(.) by extension 'ignore'
[0.464s] Level 1:colcon.colcon_core.package_identification:_identify(.) by extension 'ignore_ament_install'
[0.464s] Level 1:colcon.colcon_core.package_identification:_identify(.) by extensions ['colcon_pkg']
[0.464s] Level 1:colcon.colcon_core.package_identification:_identify(.) by extension 'colcon_pkg'
[0.464s] Level 1:colcon.colcon_core.package_identification:_identify(.) by extensions ['colcon_meta']
[0.464s] Level 1:colcon.colcon_core.package_identification:_identify(.) by extension 'colcon_meta'
[0.464s] Level 1:colcon.colcon_core.package_identification:_identify(.) by extensions ['ros']
[0.464s] Level 1:colcon.colcon_core.package_identification:_identify(.) by extension 'ros'
[0.473s] DEBUG:colcon.colcon_core.package_identification:Package '.' with type 'ros.ament_cmake' and name 'my_bot'
[0.473s] Level 1:colcon.colcon_core.package_discovery:discover_packages(recursive) using defaults
[0.473s] Level 1:colcon.colcon_core.package_discovery:discover_packages(ignore) discover
[0.473s] Level 1:colcon.colcon_core.package_discovery:discover_packages(ignore) using defaults
[0.473s] Level 1:colcon.colcon_core.package_discovery:discover_packages(path) discover
[0.473s] Level 1:colcon.colcon_core.package_discovery:discover_packages(path) using defaults
[0.515s] Level 1:colcon.colcon_core.package_discovery:discover_packages(prefix_path) check parameters
[0.515s] Level 1:colcon.colcon_core.package_discovery:discover_packages(prefix_path) discover
[0.528s] DEBUG:colcon.colcon_installed_package_information.package_discovery:Found 9 installed packages in /CRAZYSWARM/ros2_ws/install
[0.528s] Level 1:colcon.colcon_core.package_discovery:discover_packages(prefix_path) using defaults
[0.540s] Level 5:colcon.colcon_core.verb:set package 'my_bot' build argument 'cmake_args' from command line to 'None'
[0.540s] Level 5:colcon.colcon_core.verb:set package 'my_bot' build argument 'cmake_target' from command line to 'None'
[0.540s] Level 5:colcon.colcon_core.verb:set package 'my_bot' build argument 'cmake_target_skip_unavailable' from command line to 'False'
[0.540s] Level 5:colcon.colcon_core.verb:set package 'my_bot' build argument 'cmake_clean_cache' from command line to 'False'
[0.540s] Level 5:colcon.colcon_core.verb:set package 'my_bot' build argument 'cmake_clean_first' from command line to 'False'
[0.540s] Level 5:colcon.colcon_core.verb:set package 'my_bot' build argument 'cmake_force_configure' from command line to 'False'
[0.540s] Level 5:colcon.colcon_core.verb:set package 'my_bot' build argument 'ament_cmake_args' from command line to 'None'
[0.540s] Level 5:colcon.colcon_core.verb:set package 'my_bot' build argument 'catkin_cmake_args' from command line to 'None'
[0.540s] Level 5:colcon.colcon_core.verb:set package 'my_bot' build argument 'catkin_skip_building_tests' from command line to 'False'
[0.540s] DEBUG:colcon.colcon_core.verb:Building package 'my_bot' with the following arguments: {'ament_cmake_args': None, 'build_base': '/CRAZYSWARM/ros2_ws/src/my_bot/build/my_bot', 'catkin_cmake_args': None, 'catkin_skip_building_tests': False, 'cmake_args': None, 'cmake_clean_cache': False, 'cmake_clean_first': False, 'cmake_force_configure': False, 'cmake_target': None, 'cmake_target_skip_unavailable': False, 'install_base': '/CRAZYSWARM/ros2_ws/src/my_bot/install/my_bot', 'merge_install': False, 'path': '/CRAZYSWARM/ros2_ws/src/my_bot', 'symlink_install': True, 'test_result_base': None}
[0.546s] INFO:colcon.colcon_core.executor:Executing jobs using 'parallel' executor
[0.552s] DEBUG:colcon.colcon_parallel_executor.executor.parallel:run_until_complete
[0.553s] INFO:colcon.colcon_ros.task.ament_cmake.build:Building ROS package in '/CRAZYSWARM/ros2_ws/src/my_bot' with build type 'ament_cmake'
[0.553s] INFO:colcon.colcon_cmake.task.cmake.build:Building CMake package in '/CRAZYSWARM/ros2_ws/src/my_bot'
[0.560s] INFO:colcon.colcon_core.plugin_system:Skipping extension 'colcon_core.shell.bat': Not used on non-Windows systems
[0.560s] INFO:colcon.colcon_core.shell:Skip shell extension 'powershell' for command environment: Not usable outside of PowerShell
[0.560s] DEBUG:colcon.colcon_core.shell:Skip shell extension 'dsv' for command environment
[0.578s] DEBUG:colcon.colcon_core.event_handler.log_command:Invoking command in '/CRAZYSWARM/ros2_ws/src/my_bot/build/my_bot': CMAKE_PREFIX_PATH=${CMAKE_PREFIX_PATH}:/CRAZYSWARM/ros2_ws/install/pathGen:/CRAZYSWARM/ros2_ws/install/motion_capture_tracking_interfaces:/CRAZYSWARM/ros2_ws/install/crazyflie_py /usr/bin/cmake /CRAZYSWARM/ros2_ws/src/my_bot -DAMENT_CMAKE_SYMLINK_INSTALL=1 -DCMAKE_INSTALL_PREFIX=/CRAZYSWARM/ros2_ws/src/my_bot/install/my_bot
[1.032s] DEBUG:colcon.colcon_core.event_handler.log_command:Invoked command in '/CRAZYSWARM/ros2_ws/src/my_bot/build/my_bot' returned '1': CMAKE_PREFIX_PATH=${CMAKE_PREFIX_PATH}:/CRAZYSWARM/ros2_ws/install/pathGen:/CRAZYSWARM/ros2_ws/install/motion_capture_tracking_interfaces:/CRAZYSWARM/ros2_ws/install/crazyflie_py /usr/bin/cmake /CRAZYSWARM/ros2_ws/src/my_bot -DAMENT_CMAKE_SYMLINK_INSTALL=1 -DCMAKE_INSTALL_PREFIX=/CRAZYSWARM/ros2_ws/src/my_bot/install/my_bot
[1.050s] Level 1:colcon.colcon_core.environment:create_environment_scripts_only(my_bot)
[1.062s] Level 1:colcon.colcon_core.environment:checking '/CRAZYSWARM/ros2_ws/src/my_bot/install/my_bot' for CMake module files
[1.062s] Level 1:colcon.colcon_core.environment:checking '/CRAZYSWARM/ros2_ws/src/my_bot/install/my_bot' for CMake config files
[1.062s] Level 1:colcon.colcon_core.environment:checking '/CRAZYSWARM/ros2_ws/src/my_bot/install/my_bot/bin'
[1.063s] Level 1:colcon.colcon_core.environment:checking '/CRAZYSWARM/ros2_ws/src/my_bot/install/my_bot/lib/pkgconfig/my_bot.pc'
[1.065s] Level 1:colcon.colcon_core.environment:checking '/CRAZYSWARM/ros2_ws/src/my_bot/install/my_bot/lib/python3.10/site-packages'
[1.065s] Level 1:colcon.colcon_core.environment:checking '/CRAZYSWARM/ros2_ws/src/my_bot/install/my_bot/bin'
[1.074s] INFO:colcon.colcon_core.shell:Creating package script '/CRAZYSWARM/ros2_ws/src/my_bot/install/my_bot/share/my_bot/package.ps1'
[1.075s] INFO:colcon.colcon_core.shell:Creating package descriptor '/CRAZYSWARM/ros2_ws/src/my_bot/install/my_bot/share/my_bot/package.dsv'
[1.075s] INFO:colcon.colcon_core.shell:Creating package script '/CRAZYSWARM/ros2_ws/src/my_bot/install/my_bot/share/my_bot/package.sh'
[1.076s] INFO:colcon.colcon_core.shell:Creating package script '/CRAZYSWARM/ros2_ws/src/my_bot/install/my_bot/share/my_bot/package.bash'
[1.076s] INFO:colcon.colcon_core.shell:Creating package script '/CRAZYSWARM/ros2_ws/src/my_bot/install/my_bot/share/my_bot/package.zsh'
[1.077s] Level 1:colcon.colcon_core.environment:create_file_with_runtime_dependencies(/CRAZYSWARM/ros2_ws/src/my_bot/install/my_bot/share/colcon-core/packages/my_bot)
[1.087s] DEBUG:colcon.colcon_parallel_executor.executor.parallel:closing loop
[1.087s] DEBUG:colcon.colcon_parallel_executor.executor.parallel:loop closed
[1.087s] DEBUG:colcon.colcon_parallel_executor.executor.parallel:run_until_complete finished with '1'
[1.088s] DEBUG:colcon.colcon_core.event_reactor:joining thread
[1.106s] INFO:colcon.colcon_core.plugin_system:Skipping extension 'colcon_notification.desktop_notification.terminal_notifier': Not used on non-Darwin systems
[1.106s] INFO:colcon.colcon_core.plugin_system:Skipping extension 'colcon_notification.desktop_notification.win32': Not used on non-Windows systems
[1.106s] INFO:colcon.colcon_notification.desktop_notification:Sending desktop notification using 'notify2'
[1.120s] DEBUG:colcon.colcon_core.event_reactor:joined thread
[1.129s] INFO:colcon.colcon_core.shell:Creating prefix script '/CRAZYSWARM/ros2_ws/src/my_bot/install/local_setup.ps1'
[1.130s] INFO:colcon.colcon_core.shell:Creating prefix util module '/CRAZYSWARM/ros2_ws/src/my_bot/install/_local_setup_util_ps1.py'
[1.131s] INFO:colcon.colcon_core.shell:Creating prefix chain script '/CRAZYSWARM/ros2_ws/src/my_bot/install/setup.ps1'
[1.141s] INFO:colcon.colcon_core.shell:Creating prefix script '/CRAZYSWARM/ros2_ws/src/my_bot/install/local_setup.sh'
[1.142s] INFO:colcon.colcon_core.shell:Creating prefix util module '/CRAZYSWARM/ros2_ws/src/my_bot/install/_local_setup_util_sh.py'
[1.142s] INFO:colcon.colcon_core.shell:Creating prefix chain script '/CRAZYSWARM/ros2_ws/src/my_bot/install/setup.sh'
[1.152s] INFO:colcon.colcon_core.shell:Creating prefix script '/CRAZYSWARM/ros2_ws/src/my_bot/install/local_setup.bash'
[1.152s] INFO:colcon.colcon_core.shell:Creating prefix chain script '/CRAZYSWARM/ros2_ws/src/my_bot/install/setup.bash'
[1.162s] INFO:colcon.colcon_core.shell:Creating prefix script '/CRAZYSWARM/ros2_ws/src/my_bot/install/local_setup.zsh'
[1.163s] INFO:colcon.colcon_core.shell:Creating prefix chain script '/CRAZYSWARM/ros2_ws/src/my_bot/install/setup.zsh'
