[0.031s] Invoking command in '/CRAZYSWARM/ros2_ws/src/my_bot/build/my_bot': CMAKE_PREFIX_PATH=${CMAKE_PREFIX_PATH}:/CRAZYSWARM/ros2_ws/install/pathGen:/CRAZYSWARM/ros2_ws/install/motion_capture_tracking_interfaces:/CRAZYSWARM/ros2_ws/install/crazyflie_py /usr/bin/cmake /CRAZYSWARM/ros2_ws/src/my_bot -DAMENT_CMAKE_SYMLINK_INSTALL=1 -DCMAKE_INSTALL_PREFIX=/CRAZYSWARM/ros2_ws/src/my_bot/install/my_bot
[0.067s] [31mCMake Error at CMakeLists.txt:19 (find_package):
[0.068s]   By not providing "Findament_cmake.cmake" in CMAKE_MODULE_PATH this project
[0.068s]   has asked CMake to find a package configuration file provided by
[0.068s]   "ament_cmake", but CMake did not find one.
[0.068s] 
[0.068s]   Could not find a package configuration file provided by "ament_cmake" with
[0.068s]   any of the following names:
[0.068s] 
[0.068s]     ament_cmakeConfig.cmake
[0.068s]     ament_cmake-config.cmake
[0.068s] 
[0.068s]   Add the installation prefix of "ament_cmake" to CMAKE_PREFIX_PATH or set
[0.069s]   "ament_cmake_DIR" to a directory containing one of the above files.  If
[0.069s]   "ament_cmake" provides a separate development package or SDK, be sure it
[0.069s]   has been installed.
[0.069s] 
[0.069s] [0m
[0.069s] -- Configuring incomplete, errors occurred!
[0.069s] See also "/CRAZYSWARM/ros2_ws/src/my_bot/build/my_bot/CMakeFiles/CMakeOutput.log".
[0.071s] Invoked command in '/CRAZYSWARM/ros2_ws/src/my_bot/build/my_bot' returned '1': CMAKE_PREFIX_PATH=${CMAKE_PREFIX_PATH}:/CRAZYSWARM/ros2_ws/install/pathGen:/CRAZYSWARM/ros2_ws/install/motion_capture_tracking_interfaces:/CRAZYSWARM/ros2_ws/install/crazyflie_py /usr/bin/cmake /CRAZYSWARM/ros2_ws/src/my_bot -DAMENT_CMAKE_SYMLINK_INSTALL=1 -DCMAKE_INSTALL_PREFIX=/CRAZYSWARM/ros2_ws/src/my_bot/install/my_bot
