[0.025s] Invoking command in '/CRAZYSWARM/ros2_ws/src/my_bot/build/my_bot': CMAKE_PREFIX_PATH=${CMAKE_PREFIX_PATH}:/CRAZYSWARM/ros2_ws/install/pathGen:/CRAZYSWARM/ros2_ws/install/motion_capture_tracking_interfaces:/CRAZYSWARM/ros2_ws/install/crazyflie_py /usr/bin/cmake /CRAZYSWARM/ros2_ws/src/my_bot -DAMENT_CMAKE_SYMLINK_INSTALL=1 -DCMAKE_INSTALL_PREFIX=/CRAZYSWARM/ros2_ws/src/my_bot/install/my_bot
[0.101s] -- The C compiler identification is GNU 11.4.0
[0.184s] -- The CXX compiler identification is GNU 11.4.0
[0.194s] -- Detecting C compiler ABI info
[0.300s] -- Detecting C compiler ABI info - done
[0.312s] -- Check for working C compiler: /usr/bin/cc - skipped
[0.313s] -- Detecting C compile features
[0.313s] -- Detecting C compile features - done
[0.318s] -- Detecting CXX compiler ABI info
[0.440s] -- Detecting CXX compiler ABI info - done
[0.452s] -- Check for working CXX compiler: /usr/bin/c++ - skipped
[0.452s] -- Detecting CXX compile features
[0.453s] -- Detecting CXX compile features - done
[0.472s] [31mCMake Error at CMakeLists.txt:19 (find_package):
[0.472s]   By not providing "Findament_cmake.cmake" in CMAKE_MODULE_PATH this project
[0.472s]   has asked CMake to find a package configuration file provided by
[0.473s]   "ament_cmake", but CMake did not find one.
[0.473s] 
[0.473s]   Could not find a package configuration file provided by "ament_cmake" with
[0.473s]   any of the following names:
[0.473s] 
[0.473s]     ament_cmakeConfig.cmake
[0.473s]     ament_cmake-config.cmake
[0.473s] 
[0.473s]   Add the installation prefix of "ament_cmake" to CMAKE_PREFIX_PATH or set
[0.473s]   "ament_cmake_DIR" to a directory containing one of the above files.  If
[0.473s]   "ament_cmake" provides a separate development package or SDK, be sure it
[0.474s]   has been installed.
[0.474s] 
[0.474s] [0m
[0.474s] -- Configuring incomplete, errors occurred!
[0.474s] See also "/CRAZYSWARM/ros2_ws/src/my_bot/build/my_bot/CMakeFiles/CMakeOutput.log".
[0.479s] Invoked command in '/CRAZYSWARM/ros2_ws/src/my_bot/build/my_bot' returned '1': CMAKE_PREFIX_PATH=${CMAKE_PREFIX_PATH}:/CRAZYSWARM/ros2_ws/install/pathGen:/CRAZYSWARM/ros2_ws/install/motion_capture_tracking_interfaces:/CRAZYSWARM/ros2_ws/install/crazyflie_py /usr/bin/cmake /CRAZYSWARM/ros2_ws/src/my_bot -DAMENT_CMAKE_SYMLINK_INSTALL=1 -DCMAKE_INSTALL_PREFIX=/CRAZYSWARM/ros2_ws/src/my_bot/install/my_bot
